<?xml version="1.0" encoding="UTF-8"?>
<testsuite name="PencilTest" tests="2" skipped="0" failures="0" errors="0" timestamp="2017-06-17T22:50:09" hostname="Home-Desktop" time="0.004">
  <properties/>
  <testcase name="CreatePencilWithSomeDurability" classname="PencilTest" time="0.003"/>
  <testcase name="CreatePencilWithDurabilityWriteFiveLetters" classname="PencilTest" time="0.0"/>
  <system-out><![CDATA[]]></system-out>
  <system-err><![CDATA[]]></system-err>
</testsuite>
